Symlinking /home/navlab-nuc/rover_ros_ws/devel/lib/python3/dist-packages/controller/__init__.py
Symlinking /home/navlab-nuc/rover_ros_ws/devel/lib/controller/traj_tracker.py
Symlinking /home/navlab-nuc/rover_ros_ws/devel/lib/controller/EKF.py
Symlinking /home/navlab-nuc/rover_ros_ws/devel/lib/controller/cmake.lock
Symlinking /home/navlab-nuc/rover_ros_ws/devel/lib/pkgconfig/controller.pc
Symlinking /home/navlab-nuc/rover_ros_ws/devel/share/controller/cmake/controllerConfig-version.cmake
Symlinking /home/navlab-nuc/rover_ros_ws/devel/share/controller/cmake/controllerConfig.cmake
Cleaning: (/home/navlab-nuc/rover_ros_ws_cb/devel/.private/controller/cmake.lock, /home/navlab-nuc/rover_ros_ws_cb/devel/./cmake.lock)
Cleaning: (/home/navlab-nuc/rover_ros_ws_cb/devel/.private/controller/lib/python3/dist-packages/controller/__init__.py, /home/navlab-nuc/rover_ros_ws_cb/devel/lib/python3/dist-packages/controller/__init__.py)
Cleaning: (/home/navlab-nuc/rover_ros_ws_cb/devel/.private/controller/lib/controller/traj_tracker.py, /home/navlab-nuc/rover_ros_ws_cb/devel/lib/controller/traj_tracker.py)
Cleaning: (/home/navlab-nuc/rover_ros_ws_cb/devel/.private/controller/lib/controller/EKF.py, /home/navlab-nuc/rover_ros_ws_cb/devel/lib/controller/EKF.py)
Cleaning: (/home/navlab-nuc/rover_ros_ws_cb/devel/.private/controller/lib/controller/cmake.lock, /home/navlab-nuc/rover_ros_ws_cb/devel/lib/controller/cmake.lock)
Cleaning: (/home/navlab-nuc/rover_ros_ws_cb/devel/.private/controller/lib/pkgconfig/controller.pc, /home/navlab-nuc/rover_ros_ws_cb/devel/lib/pkgconfig/controller.pc)
Cleaning: (/home/navlab-nuc/rover_ros_ws_cb/devel/.private/controller/share/controller/cmake/controllerConfig-version.cmake, /home/navlab-nuc/rover_ros_ws_cb/devel/share/controller/cmake/controllerConfig-version.cmake)
Cleaning: (/home/navlab-nuc/rover_ros_ws_cb/devel/.private/controller/share/controller/cmake/controllerConfig.cmake, /home/navlab-nuc/rover_ros_ws_cb/devel/share/controller/cmake/controllerConfig.cmake)
Unlinking: /home/navlab-nuc/rover_ros_ws_cb/devel/lib/python3/dist-packages/controller/__init__.py
Already unlinked: {}
Unlinking: /home/navlab-nuc/rover_ros_ws_cb/devel/lib/controller/traj_tracker.py
Already unlinked: {}
Unlinking: /home/navlab-nuc/rover_ros_ws_cb/devel/lib/controller/EKF.py
Already unlinked: {}
Unlinking: /home/navlab-nuc/rover_ros_ws_cb/devel/lib/controller/cmake.lock
Already unlinked: {}
Unlinking: /home/navlab-nuc/rover_ros_ws_cb/devel/lib/pkgconfig/controller.pc
Already unlinked: {}
Unlinking: /home/navlab-nuc/rover_ros_ws_cb/devel/share/controller/cmake/controllerConfig-version.cmake
Already unlinked: {}
Unlinking: /home/navlab-nuc/rover_ros_ws_cb/devel/share/controller/cmake/controllerConfig.cmake
Already unlinked: {}
