Symlinking /home/navlab-nuc/rover_ros_ws/devel/include/apriltag_ros/AprilTagDetectionArray.h
Symlinking /home/navlab-nuc/rover_ros_ws/devel/include/apriltag_ros/AnalyzeSingleImage.h
Symlinking /home/navlab-nuc/rover_ros_ws/devel/include/apriltag_ros/AprilTagDetection.h
Symlinking /home/navlab-nuc/rover_ros_ws/devel/include/apriltag_ros/AnalyzeSingleImageResponse.h
Symlinking /home/navlab-nuc/rover_ros_ws/devel/include/apriltag_ros/AnalyzeSingleImageRequest.h
Symlinking /home/navlab-nuc/rover_ros_ws/devel/lib/libapriltag_ros_continuous_detector.so
Symlinking /home/navlab-nuc/rover_ros_ws/devel/lib/libapriltag_ros_single_image_detector.so
Symlinking /home/navlab-nuc/rover_ros_ws/devel/lib/libapriltag_ros_common.so
Symlinking /home/navlab-nuc/rover_ros_ws/devel/lib/apriltag_ros/apriltag_ros_continuous_node
Symlinking /home/navlab-nuc/rover_ros_ws/devel/lib/apriltag_ros/apriltag_ros_single_image_client_node
Symlinking /home/navlab-nuc/rover_ros_ws/devel/lib/apriltag_ros/apriltag_ros_single_image_server_node
Symlinking /home/navlab-nuc/rover_ros_ws/devel/lib/python3/dist-packages/apriltag_ros/__init__.py
Symlinking /home/navlab-nuc/rover_ros_ws/devel/lib/python3/dist-packages/apriltag_ros/msg/__init__.py
Symlinking /home/navlab-nuc/rover_ros_ws/devel/lib/python3/dist-packages/apriltag_ros/msg/_AprilTagDetectionArray.py
Symlinking /home/navlab-nuc/rover_ros_ws/devel/lib/python3/dist-packages/apriltag_ros/msg/_AprilTagDetection.py
Symlinking /home/navlab-nuc/rover_ros_ws/devel/lib/python3/dist-packages/apriltag_ros/srv/__init__.py
Symlinking /home/navlab-nuc/rover_ros_ws/devel/lib/python3/dist-packages/apriltag_ros/srv/_AnalyzeSingleImage.py
Symlinking /home/navlab-nuc/rover_ros_ws/devel/lib/pkgconfig/apriltag_ros.pc
Symlinking /home/navlab-nuc/rover_ros_ws/devel/share/roseus/ros/apriltag_ros/manifest.l
Symlinking /home/navlab-nuc/rover_ros_ws/devel/share/roseus/ros/apriltag_ros/msg/AprilTagDetectionArray.l
Symlinking /home/navlab-nuc/rover_ros_ws/devel/share/roseus/ros/apriltag_ros/msg/AprilTagDetection.l
Symlinking /home/navlab-nuc/rover_ros_ws/devel/share/roseus/ros/apriltag_ros/srv/AnalyzeSingleImage.l
Symlinking /home/navlab-nuc/rover_ros_ws/devel/share/apriltag_ros/cmake/apriltag_ros-msg-paths.cmake
Symlinking /home/navlab-nuc/rover_ros_ws/devel/share/apriltag_ros/cmake/apriltag_rosConfig.cmake
Symlinking /home/navlab-nuc/rover_ros_ws/devel/share/apriltag_ros/cmake/apriltag_rosConfig-version.cmake
Symlinking /home/navlab-nuc/rover_ros_ws/devel/share/apriltag_ros/cmake/apriltag_ros-msg-extras.cmake
Symlinking /home/navlab-nuc/rover_ros_ws/devel/share/gennodejs/ros/apriltag_ros/_index.js
Symlinking /home/navlab-nuc/rover_ros_ws/devel/share/gennodejs/ros/apriltag_ros/msg/_index.js
Symlinking /home/navlab-nuc/rover_ros_ws/devel/share/gennodejs/ros/apriltag_ros/msg/AprilTagDetectionArray.js
Symlinking /home/navlab-nuc/rover_ros_ws/devel/share/gennodejs/ros/apriltag_ros/msg/AprilTagDetection.js
Symlinking /home/navlab-nuc/rover_ros_ws/devel/share/gennodejs/ros/apriltag_ros/srv/_index.js
Symlinking /home/navlab-nuc/rover_ros_ws/devel/share/gennodejs/ros/apriltag_ros/srv/AnalyzeSingleImage.js
Symlinking /home/navlab-nuc/rover_ros_ws/devel/share/common-lisp/ros/apriltag_ros/msg/_package_AprilTagDetectionArray.lisp
Symlinking /home/navlab-nuc/rover_ros_ws/devel/share/common-lisp/ros/apriltag_ros/msg/_package.lisp
Symlinking /home/navlab-nuc/rover_ros_ws/devel/share/common-lisp/ros/apriltag_ros/msg/AprilTagDetectionArray.lisp
Symlinking /home/navlab-nuc/rover_ros_ws/devel/share/common-lisp/ros/apriltag_ros/msg/apriltag_ros-msg.asd
Symlinking /home/navlab-nuc/rover_ros_ws/devel/share/common-lisp/ros/apriltag_ros/msg/AprilTagDetection.lisp
Symlinking /home/navlab-nuc/rover_ros_ws/devel/share/common-lisp/ros/apriltag_ros/msg/_package_AprilTagDetection.lisp
Symlinking /home/navlab-nuc/rover_ros_ws/devel/share/common-lisp/ros/apriltag_ros/srv/apriltag_ros-srv.asd
Symlinking /home/navlab-nuc/rover_ros_ws/devel/share/common-lisp/ros/apriltag_ros/srv/_package.lisp
Symlinking /home/navlab-nuc/rover_ros_ws/devel/share/common-lisp/ros/apriltag_ros/srv/AnalyzeSingleImage.lisp
Symlinking /home/navlab-nuc/rover_ros_ws/devel/share/common-lisp/ros/apriltag_ros/srv/_package_AnalyzeSingleImage.lisp
Cleaning: (/home/navlab-nuc/rover_ros_ws_cb/devel/.private/apriltag_ros/cmake.lock, /home/navlab-nuc/rover_ros_ws_cb/devel/./cmake.lock)
Cleaning: (/home/navlab-nuc/rover_ros_ws_cb/devel/.private/apriltag_ros/include/apriltag_ros/AprilTagDetectionArray.h, /home/navlab-nuc/rover_ros_ws_cb/devel/include/apriltag_ros/AprilTagDetectionArray.h)
Cleaning: (/home/navlab-nuc/rover_ros_ws_cb/devel/.private/apriltag_ros/include/apriltag_ros/AnalyzeSingleImage.h, /home/navlab-nuc/rover_ros_ws_cb/devel/include/apriltag_ros/AnalyzeSingleImage.h)
Cleaning: (/home/navlab-nuc/rover_ros_ws_cb/devel/.private/apriltag_ros/include/apriltag_ros/AprilTagDetection.h, /home/navlab-nuc/rover_ros_ws_cb/devel/include/apriltag_ros/AprilTagDetection.h)
Cleaning: (/home/navlab-nuc/rover_ros_ws_cb/devel/.private/apriltag_ros/include/apriltag_ros/AnalyzeSingleImageResponse.h, /home/navlab-nuc/rover_ros_ws_cb/devel/include/apriltag_ros/AnalyzeSingleImageResponse.h)
Cleaning: (/home/navlab-nuc/rover_ros_ws_cb/devel/.private/apriltag_ros/include/apriltag_ros/AnalyzeSingleImageRequest.h, /home/navlab-nuc/rover_ros_ws_cb/devel/include/apriltag_ros/AnalyzeSingleImageRequest.h)
Cleaning: (/home/navlab-nuc/rover_ros_ws_cb/devel/.private/apriltag_ros/lib/libapriltag_ros_continuous_detector.so, /home/navlab-nuc/rover_ros_ws_cb/devel/lib/libapriltag_ros_continuous_detector.so)
Cleaning: (/home/navlab-nuc/rover_ros_ws_cb/devel/.private/apriltag_ros/lib/libapriltag_ros_single_image_detector.so, /home/navlab-nuc/rover_ros_ws_cb/devel/lib/libapriltag_ros_single_image_detector.so)
Cleaning: (/home/navlab-nuc/rover_ros_ws_cb/devel/.private/apriltag_ros/lib/libapriltag_ros_common.so, /home/navlab-nuc/rover_ros_ws_cb/devel/lib/libapriltag_ros_common.so)
Cleaning: (/home/navlab-nuc/rover_ros_ws_cb/devel/.private/apriltag_ros/lib/apriltag_ros/apriltag_ros_continuous_node, /home/navlab-nuc/rover_ros_ws_cb/devel/lib/apriltag_ros/apriltag_ros_continuous_node)
Cleaning: (/home/navlab-nuc/rover_ros_ws_cb/devel/.private/apriltag_ros/lib/apriltag_ros/apriltag_ros_single_image_client_node, /home/navlab-nuc/rover_ros_ws_cb/devel/lib/apriltag_ros/apriltag_ros_single_image_client_node)
Cleaning: (/home/navlab-nuc/rover_ros_ws_cb/devel/.private/apriltag_ros/lib/apriltag_ros/apriltag_ros_single_image_server_node, /home/navlab-nuc/rover_ros_ws_cb/devel/lib/apriltag_ros/apriltag_ros_single_image_server_node)
Cleaning: (/home/navlab-nuc/rover_ros_ws_cb/devel/.private/apriltag_ros/lib/python3/dist-packages/apriltag_ros/__init__.py, /home/navlab-nuc/rover_ros_ws_cb/devel/lib/python3/dist-packages/apriltag_ros/__init__.py)
Cleaning: (/home/navlab-nuc/rover_ros_ws_cb/devel/.private/apriltag_ros/lib/python3/dist-packages/apriltag_ros/msg/__init__.py, /home/navlab-nuc/rover_ros_ws_cb/devel/lib/python3/dist-packages/apriltag_ros/msg/__init__.py)
Cleaning: (/home/navlab-nuc/rover_ros_ws_cb/devel/.private/apriltag_ros/lib/python3/dist-packages/apriltag_ros/msg/_AprilTagDetectionArray.py, /home/navlab-nuc/rover_ros_ws_cb/devel/lib/python3/dist-packages/apriltag_ros/msg/_AprilTagDetectionArray.py)
Cleaning: (/home/navlab-nuc/rover_ros_ws_cb/devel/.private/apriltag_ros/lib/python3/dist-packages/apriltag_ros/msg/_AprilTagDetection.py, /home/navlab-nuc/rover_ros_ws_cb/devel/lib/python3/dist-packages/apriltag_ros/msg/_AprilTagDetection.py)
Cleaning: (/home/navlab-nuc/rover_ros_ws_cb/devel/.private/apriltag_ros/lib/python3/dist-packages/apriltag_ros/srv/__init__.py, /home/navlab-nuc/rover_ros_ws_cb/devel/lib/python3/dist-packages/apriltag_ros/srv/__init__.py)
Cleaning: (/home/navlab-nuc/rover_ros_ws_cb/devel/.private/apriltag_ros/lib/python3/dist-packages/apriltag_ros/srv/_AnalyzeSingleImage.py, /home/navlab-nuc/rover_ros_ws_cb/devel/lib/python3/dist-packages/apriltag_ros/srv/_AnalyzeSingleImage.py)
Cleaning: (/home/navlab-nuc/rover_ros_ws_cb/devel/.private/apriltag_ros/lib/pkgconfig/apriltag_ros.pc, /home/navlab-nuc/rover_ros_ws_cb/devel/lib/pkgconfig/apriltag_ros.pc)
Cleaning: (/home/navlab-nuc/rover_ros_ws_cb/devel/.private/apriltag_ros/share/roseus/ros/apriltag_ros/manifest.l, /home/navlab-nuc/rover_ros_ws_cb/devel/share/roseus/ros/apriltag_ros/manifest.l)
Cleaning: (/home/navlab-nuc/rover_ros_ws_cb/devel/.private/apriltag_ros/share/roseus/ros/apriltag_ros/msg/AprilTagDetectionArray.l, /home/navlab-nuc/rover_ros_ws_cb/devel/share/roseus/ros/apriltag_ros/msg/AprilTagDetectionArray.l)
Cleaning: (/home/navlab-nuc/rover_ros_ws_cb/devel/.private/apriltag_ros/share/roseus/ros/apriltag_ros/msg/AprilTagDetection.l, /home/navlab-nuc/rover_ros_ws_cb/devel/share/roseus/ros/apriltag_ros/msg/AprilTagDetection.l)
Cleaning: (/home/navlab-nuc/rover_ros_ws_cb/devel/.private/apriltag_ros/share/roseus/ros/apriltag_ros/srv/AnalyzeSingleImage.l, /home/navlab-nuc/rover_ros_ws_cb/devel/share/roseus/ros/apriltag_ros/srv/AnalyzeSingleImage.l)
Cleaning: (/home/navlab-nuc/rover_ros_ws_cb/devel/.private/apriltag_ros/share/apriltag_ros/cmake/apriltag_ros-msg-paths.cmake, /home/navlab-nuc/rover_ros_ws_cb/devel/share/apriltag_ros/cmake/apriltag_ros-msg-paths.cmake)
Cleaning: (/home/navlab-nuc/rover_ros_ws_cb/devel/.private/apriltag_ros/share/apriltag_ros/cmake/apriltag_rosConfig.cmake, /home/navlab-nuc/rover_ros_ws_cb/devel/share/apriltag_ros/cmake/apriltag_rosConfig.cmake)
Cleaning: (/home/navlab-nuc/rover_ros_ws_cb/devel/.private/apriltag_ros/share/apriltag_ros/cmake/apriltag_rosConfig-version.cmake, /home/navlab-nuc/rover_ros_ws_cb/devel/share/apriltag_ros/cmake/apriltag_rosConfig-version.cmake)
Cleaning: (/home/navlab-nuc/rover_ros_ws_cb/devel/.private/apriltag_ros/share/apriltag_ros/cmake/apriltag_ros-msg-extras.cmake, /home/navlab-nuc/rover_ros_ws_cb/devel/share/apriltag_ros/cmake/apriltag_ros-msg-extras.cmake)
Cleaning: (/home/navlab-nuc/rover_ros_ws_cb/devel/.private/apriltag_ros/share/gennodejs/ros/apriltag_ros/_index.js, /home/navlab-nuc/rover_ros_ws_cb/devel/share/gennodejs/ros/apriltag_ros/_index.js)
Cleaning: (/home/navlab-nuc/rover_ros_ws_cb/devel/.private/apriltag_ros/share/gennodejs/ros/apriltag_ros/msg/_index.js, /home/navlab-nuc/rover_ros_ws_cb/devel/share/gennodejs/ros/apriltag_ros/msg/_index.js)
Cleaning: (/home/navlab-nuc/rover_ros_ws_cb/devel/.private/apriltag_ros/share/gennodejs/ros/apriltag_ros/msg/AprilTagDetectionArray.js, /home/navlab-nuc/rover_ros_ws_cb/devel/share/gennodejs/ros/apriltag_ros/msg/AprilTagDetectionArray.js)
Cleaning: (/home/navlab-nuc/rover_ros_ws_cb/devel/.private/apriltag_ros/share/gennodejs/ros/apriltag_ros/msg/AprilTagDetection.js, /home/navlab-nuc/rover_ros_ws_cb/devel/share/gennodejs/ros/apriltag_ros/msg/AprilTagDetection.js)
Cleaning: (/home/navlab-nuc/rover_ros_ws_cb/devel/.private/apriltag_ros/share/gennodejs/ros/apriltag_ros/srv/_index.js, /home/navlab-nuc/rover_ros_ws_cb/devel/share/gennodejs/ros/apriltag_ros/srv/_index.js)
Cleaning: (/home/navlab-nuc/rover_ros_ws_cb/devel/.private/apriltag_ros/share/gennodejs/ros/apriltag_ros/srv/AnalyzeSingleImage.js, /home/navlab-nuc/rover_ros_ws_cb/devel/share/gennodejs/ros/apriltag_ros/srv/AnalyzeSingleImage.js)
Cleaning: (/home/navlab-nuc/rover_ros_ws_cb/devel/.private/apriltag_ros/share/common-lisp/ros/apriltag_ros/msg/_package_AprilTagDetectionArray.lisp, /home/navlab-nuc/rover_ros_ws_cb/devel/share/common-lisp/ros/apriltag_ros/msg/_package_AprilTagDetectionArray.lisp)
Cleaning: (/home/navlab-nuc/rover_ros_ws_cb/devel/.private/apriltag_ros/share/common-lisp/ros/apriltag_ros/msg/_package.lisp, /home/navlab-nuc/rover_ros_ws_cb/devel/share/common-lisp/ros/apriltag_ros/msg/_package.lisp)
Cleaning: (/home/navlab-nuc/rover_ros_ws_cb/devel/.private/apriltag_ros/share/common-lisp/ros/apriltag_ros/msg/AprilTagDetectionArray.lisp, /home/navlab-nuc/rover_ros_ws_cb/devel/share/common-lisp/ros/apriltag_ros/msg/AprilTagDetectionArray.lisp)
Cleaning: (/home/navlab-nuc/rover_ros_ws_cb/devel/.private/apriltag_ros/share/common-lisp/ros/apriltag_ros/msg/apriltag_ros-msg.asd, /home/navlab-nuc/rover_ros_ws_cb/devel/share/common-lisp/ros/apriltag_ros/msg/apriltag_ros-msg.asd)
Cleaning: (/home/navlab-nuc/rover_ros_ws_cb/devel/.private/apriltag_ros/share/common-lisp/ros/apriltag_ros/msg/AprilTagDetection.lisp, /home/navlab-nuc/rover_ros_ws_cb/devel/share/common-lisp/ros/apriltag_ros/msg/AprilTagDetection.lisp)
Cleaning: (/home/navlab-nuc/rover_ros_ws_cb/devel/.private/apriltag_ros/share/common-lisp/ros/apriltag_ros/msg/_package_AprilTagDetection.lisp, /home/navlab-nuc/rover_ros_ws_cb/devel/share/common-lisp/ros/apriltag_ros/msg/_package_AprilTagDetection.lisp)
Cleaning: (/home/navlab-nuc/rover_ros_ws_cb/devel/.private/apriltag_ros/share/common-lisp/ros/apriltag_ros/srv/apriltag_ros-srv.asd, /home/navlab-nuc/rover_ros_ws_cb/devel/share/common-lisp/ros/apriltag_ros/srv/apriltag_ros-srv.asd)
Cleaning: (/home/navlab-nuc/rover_ros_ws_cb/devel/.private/apriltag_ros/share/common-lisp/ros/apriltag_ros/srv/_package.lisp, /home/navlab-nuc/rover_ros_ws_cb/devel/share/common-lisp/ros/apriltag_ros/srv/_package.lisp)
Cleaning: (/home/navlab-nuc/rover_ros_ws_cb/devel/.private/apriltag_ros/share/common-lisp/ros/apriltag_ros/srv/AnalyzeSingleImage.lisp, /home/navlab-nuc/rover_ros_ws_cb/devel/share/common-lisp/ros/apriltag_ros/srv/AnalyzeSingleImage.lisp)
Cleaning: (/home/navlab-nuc/rover_ros_ws_cb/devel/.private/apriltag_ros/share/common-lisp/ros/apriltag_ros/srv/_package_AnalyzeSingleImage.lisp, /home/navlab-nuc/rover_ros_ws_cb/devel/share/common-lisp/ros/apriltag_ros/srv/_package_AnalyzeSingleImage.lisp)
Unlinking: /home/navlab-nuc/rover_ros_ws_cb/devel/./cmake.lock
Already unlinked: {}
Unlinking: /home/navlab-nuc/rover_ros_ws_cb/devel/include/apriltag_ros/AprilTagDetectionArray.h
Already unlinked: {}
Unlinking: /home/navlab-nuc/rover_ros_ws_cb/devel/include/apriltag_ros/AnalyzeSingleImage.h
Already unlinked: {}
Unlinking: /home/navlab-nuc/rover_ros_ws_cb/devel/include/apriltag_ros/AprilTagDetection.h
Already unlinked: {}
Unlinking: /home/navlab-nuc/rover_ros_ws_cb/devel/include/apriltag_ros/AnalyzeSingleImageResponse.h
Already unlinked: {}
Unlinking: /home/navlab-nuc/rover_ros_ws_cb/devel/include/apriltag_ros/AnalyzeSingleImageRequest.h
Already unlinked: {}
Unlinking: /home/navlab-nuc/rover_ros_ws_cb/devel/lib/libapriltag_ros_continuous_detector.so
Already unlinked: {}
Unlinking: /home/navlab-nuc/rover_ros_ws_cb/devel/lib/libapriltag_ros_single_image_detector.so
Already unlinked: {}
Unlinking: /home/navlab-nuc/rover_ros_ws_cb/devel/lib/libapriltag_ros_common.so
Already unlinked: {}
Unlinking: /home/navlab-nuc/rover_ros_ws_cb/devel/lib/apriltag_ros/apriltag_ros_continuous_node
Already unlinked: {}
Unlinking: /home/navlab-nuc/rover_ros_ws_cb/devel/lib/apriltag_ros/apriltag_ros_single_image_client_node
Already unlinked: {}
Unlinking: /home/navlab-nuc/rover_ros_ws_cb/devel/lib/apriltag_ros/apriltag_ros_single_image_server_node
Already unlinked: {}
Unlinking: /home/navlab-nuc/rover_ros_ws_cb/devel/lib/python3/dist-packages/apriltag_ros/__init__.py
Already unlinked: {}
Unlinking: /home/navlab-nuc/rover_ros_ws_cb/devel/lib/python3/dist-packages/apriltag_ros/msg/__init__.py
Already unlinked: {}
Unlinking: /home/navlab-nuc/rover_ros_ws_cb/devel/lib/python3/dist-packages/apriltag_ros/msg/_AprilTagDetectionArray.py
Already unlinked: {}
Unlinking: /home/navlab-nuc/rover_ros_ws_cb/devel/lib/python3/dist-packages/apriltag_ros/msg/_AprilTagDetection.py
Already unlinked: {}
Unlinking: /home/navlab-nuc/rover_ros_ws_cb/devel/lib/python3/dist-packages/apriltag_ros/srv/__init__.py
Already unlinked: {}
Unlinking: /home/navlab-nuc/rover_ros_ws_cb/devel/lib/python3/dist-packages/apriltag_ros/srv/_AnalyzeSingleImage.py
Already unlinked: {}
Unlinking: /home/navlab-nuc/rover_ros_ws_cb/devel/lib/pkgconfig/apriltag_ros.pc
Already unlinked: {}
Unlinking: /home/navlab-nuc/rover_ros_ws_cb/devel/share/roseus/ros/apriltag_ros/manifest.l
Already unlinked: {}
Unlinking: /home/navlab-nuc/rover_ros_ws_cb/devel/share/roseus/ros/apriltag_ros/msg/AprilTagDetectionArray.l
Already unlinked: {}
Unlinking: /home/navlab-nuc/rover_ros_ws_cb/devel/share/roseus/ros/apriltag_ros/msg/AprilTagDetection.l
Already unlinked: {}
Unlinking: /home/navlab-nuc/rover_ros_ws_cb/devel/share/roseus/ros/apriltag_ros/srv/AnalyzeSingleImage.l
Already unlinked: {}
Unlinking: /home/navlab-nuc/rover_ros_ws_cb/devel/share/apriltag_ros/cmake/apriltag_ros-msg-paths.cmake
Already unlinked: {}
Unlinking: /home/navlab-nuc/rover_ros_ws_cb/devel/share/apriltag_ros/cmake/apriltag_rosConfig.cmake
Already unlinked: {}
Unlinking: /home/navlab-nuc/rover_ros_ws_cb/devel/share/apriltag_ros/cmake/apriltag_rosConfig-version.cmake
Already unlinked: {}
Unlinking: /home/navlab-nuc/rover_ros_ws_cb/devel/share/apriltag_ros/cmake/apriltag_ros-msg-extras.cmake
Already unlinked: {}
Unlinking: /home/navlab-nuc/rover_ros_ws_cb/devel/share/gennodejs/ros/apriltag_ros/_index.js
Already unlinked: {}
Unlinking: /home/navlab-nuc/rover_ros_ws_cb/devel/share/gennodejs/ros/apriltag_ros/msg/_index.js
Already unlinked: {}
Unlinking: /home/navlab-nuc/rover_ros_ws_cb/devel/share/gennodejs/ros/apriltag_ros/msg/AprilTagDetectionArray.js
Already unlinked: {}
Unlinking: /home/navlab-nuc/rover_ros_ws_cb/devel/share/gennodejs/ros/apriltag_ros/msg/AprilTagDetection.js
Already unlinked: {}
Unlinking: /home/navlab-nuc/rover_ros_ws_cb/devel/share/gennodejs/ros/apriltag_ros/srv/_index.js
Already unlinked: {}
Unlinking: /home/navlab-nuc/rover_ros_ws_cb/devel/share/gennodejs/ros/apriltag_ros/srv/AnalyzeSingleImage.js
Already unlinked: {}
Unlinking: /home/navlab-nuc/rover_ros_ws_cb/devel/share/common-lisp/ros/apriltag_ros/msg/_package_AprilTagDetectionArray.lisp
Already unlinked: {}
Unlinking: /home/navlab-nuc/rover_ros_ws_cb/devel/share/common-lisp/ros/apriltag_ros/msg/_package.lisp
Already unlinked: {}
Unlinking: /home/navlab-nuc/rover_ros_ws_cb/devel/share/common-lisp/ros/apriltag_ros/msg/AprilTagDetectionArray.lisp
Already unlinked: {}
Unlinking: /home/navlab-nuc/rover_ros_ws_cb/devel/share/common-lisp/ros/apriltag_ros/msg/apriltag_ros-msg.asd
Already unlinked: {}
Unlinking: /home/navlab-nuc/rover_ros_ws_cb/devel/share/common-lisp/ros/apriltag_ros/msg/AprilTagDetection.lisp
Already unlinked: {}
Unlinking: /home/navlab-nuc/rover_ros_ws_cb/devel/share/common-lisp/ros/apriltag_ros/msg/_package_AprilTagDetection.lisp
Already unlinked: {}
Unlinking: /home/navlab-nuc/rover_ros_ws_cb/devel/share/common-lisp/ros/apriltag_ros/srv/apriltag_ros-srv.asd
Already unlinked: {}
Unlinking: /home/navlab-nuc/rover_ros_ws_cb/devel/share/common-lisp/ros/apriltag_ros/srv/_package.lisp
Already unlinked: {}
Unlinking: /home/navlab-nuc/rover_ros_ws_cb/devel/share/common-lisp/ros/apriltag_ros/srv/AnalyzeSingleImage.lisp
Already unlinked: {}
Unlinking: /home/navlab-nuc/rover_ros_ws_cb/devel/share/common-lisp/ros/apriltag_ros/srv/_package_AnalyzeSingleImage.lisp
Already unlinked: {}
