[  0%] Built target geometry_msgs_generate_messages_cpp
[  0%] Built target _apriltag_ros_generate_messages_check_deps_AnalyzeSingleImage
[  0%] Built target _apriltag_ros_generate_messages_check_deps_AprilTagDetectionArray
[  0%] Built target _apriltag_ros_generate_messages_check_deps_AprilTagDetection
[  0%] Built target sensor_msgs_generate_messages_cpp
[  0%] Built target std_msgs_generate_messages_cpp
[  0%] Built target std_msgs_generate_messages_py
[  0%] Built target geometry_msgs_generate_messages_py
[  0%] Built target sensor_msgs_generate_messages_py
[  0%] Built target std_msgs_generate_messages_eus
[  0%] Built target geometry_msgs_generate_messages_eus
[  0%] Built target sensor_msgs_generate_messages_eus
[  0%] Built target geometry_msgs_generate_messages_nodejs
[  0%] Built target std_msgs_generate_messages_nodejs
[  0%] Built target sensor_msgs_generate_messages_nodejs
[  0%] Built target std_msgs_generate_messages_lisp
[  0%] Built target geometry_msgs_generate_messages_lisp
[  0%] Built target sensor_msgs_generate_messages_lisp
[ 10%] Built target apriltag_ros_generate_messages_cpp
[ 36%] Built target apriltag_ros_generate_messages_eus
[ 40%] Built target apriltag_ros_generate_messages_py
[ 50%] Built target apriltag_ros_generate_messages_nodejs
[ 60%] Built target apriltag_ros_generate_messages_lisp
[ 60%] Built target apriltag_ros_generate_messages
[ 66%] Built target apriltag_ros_common
[ 73%] Built target apriltag_ros_single_image_detector
[ 80%] Built target apriltag_ros_continuous_detector
[ 93%] Built target apriltag_ros_single_image_client_node
[100%] Built target apriltag_ros_single_image_server_node
[100%] Built target apriltag_ros_continuous_node
