[35m[1mScanning dependencies of target _planner_generate_messages_check_deps_NominalTrajectory[0m
[  0%] Built target _planner_generate_messages_check_deps_NominalTrajectory
[35m[1mScanning dependencies of target std_msgs_generate_messages_py[0m
[  0%] Built target std_msgs_generate_messages_py
[35m[1mScanning dependencies of target _planner_generate_messages_check_deps_State[0m
[  0%] Built target _planner_generate_messages_check_deps_State
[35m[1mScanning dependencies of target _planner_generate_messages_check_deps_Control[0m
[  0%] Built target _planner_generate_messages_check_deps_Control
[35m[1mScanning dependencies of target std_msgs_generate_messages_cpp[0m
[  0%] Built target std_msgs_generate_messages_cpp
[35m[1mScanning dependencies of target std_msgs_generate_messages_lisp[0m
[  0%] Built target std_msgs_generate_messages_lisp
[35m[1mScanning dependencies of target std_msgs_generate_messages_eus[0m
[  0%] Built target std_msgs_generate_messages_eus
[35m[1mScanning dependencies of target std_msgs_generate_messages_nodejs[0m
[  0%] Built target std_msgs_generate_messages_nodejs
[35m[1mScanning dependencies of target planner_generate_messages_py[0m
[  5%] [34m[1mGenerating Python from MSG planner/State[0m
[ 11%] [34m[1mGenerating Python from MSG planner/Control[0m
[ 17%] [34m[1mGenerating Python from MSG planner/NominalTrajectory[0m
[ 23%] [34m[1mGenerating Python msg __init__.py for planner[0m
[ 23%] Built target planner_generate_messages_py
[35m[1mScanning dependencies of target planner_generate_messages_cpp[0m
[ 29%] [34m[1mGenerating C++ code from planner/State.msg[0m
[ 35%] [34m[1mGenerating C++ code from planner/Control.msg[0m
[ 41%] [34m[1mGenerating C++ code from planner/NominalTrajectory.msg[0m
[ 41%] Built target planner_generate_messages_cpp
[35m[1mScanning dependencies of target planner_generate_messages_lisp[0m
[ 47%] [34m[1mGenerating Lisp code from planner/State.msg[0m
[ 52%] [34m[1mGenerating Lisp code from planner/Control.msg[0m
[ 58%] [34m[1mGenerating Lisp code from planner/NominalTrajectory.msg[0m
[ 58%] Built target planner_generate_messages_lisp
[35m[1mScanning dependencies of target planner_generate_messages_eus[0m
[ 64%] [34m[1mGenerating EusLisp code from planner/State.msg[0m
[ 70%] [34m[1mGenerating EusLisp code from planner/Control.msg[0m
[ 76%] [34m[1mGenerating EusLisp code from planner/NominalTrajectory.msg[0m
[ 82%] [34m[1mGenerating EusLisp manifest code for planner[0m
[ 82%] Built target planner_generate_messages_eus
[35m[1mScanning dependencies of target planner_generate_messages_nodejs[0m
[ 88%] [34m[1mGenerating Javascript code from planner/State.msg[0m
[ 94%] [34m[1mGenerating Javascript code from planner/Control.msg[0m
[100%] [34m[1mGenerating Javascript code from planner/NominalTrajectory.msg[0m
[100%] Built target planner_generate_messages_nodejs
[35m[1mScanning dependencies of target planner_generate_messages[0m
[100%] Built target planner_generate_messages
