Symlinking /home/navlab-nuc/rover_ros_ws/devel/include/planner/Control.h
Symlinking /home/navlab-nuc/rover_ros_ws/devel/include/planner/State.h
Symlinking /home/navlab-nuc/rover_ros_ws/devel/include/planner/NominalTrajectory.h
Symlinking /home/navlab-nuc/rover_ros_ws/devel/lib/python3/dist-packages/planner/__init__.py
Symlinking /home/navlab-nuc/rover_ros_ws/devel/lib/python3/dist-packages/planner/msg/__init__.py
Symlinking /home/navlab-nuc/rover_ros_ws/devel/lib/python3/dist-packages/planner/msg/_State.py
Symlinking /home/navlab-nuc/rover_ros_ws/devel/lib/python3/dist-packages/planner/msg/_NominalTrajectory.py
Symlinking /home/navlab-nuc/rover_ros_ws/devel/lib/python3/dist-packages/planner/msg/_Control.py
Symlinking /home/navlab-nuc/rover_ros_ws/devel/lib/planner/simple_planner.py
Symlinking /home/navlab-nuc/rover_ros_ws/devel/lib/planner/cmake.lock
Symlinking /home/navlab-nuc/rover_ros_ws/devel/lib/pkgconfig/planner.pc
Symlinking /home/navlab-nuc/rover_ros_ws/devel/share/roseus/ros/planner/manifest.l
Symlinking /home/navlab-nuc/rover_ros_ws/devel/share/roseus/ros/planner/msg/State.l
Symlinking /home/navlab-nuc/rover_ros_ws/devel/share/roseus/ros/planner/msg/NominalTrajectory.l
Symlinking /home/navlab-nuc/rover_ros_ws/devel/share/roseus/ros/planner/msg/Control.l
Symlinking /home/navlab-nuc/rover_ros_ws/devel/share/planner/cmake/planner-msg-paths.cmake
Symlinking /home/navlab-nuc/rover_ros_ws/devel/share/planner/cmake/plannerConfig.cmake
Symlinking /home/navlab-nuc/rover_ros_ws/devel/share/planner/cmake/planner-msg-extras.cmake
Symlinking /home/navlab-nuc/rover_ros_ws/devel/share/planner/cmake/plannerConfig-version.cmake
Symlinking /home/navlab-nuc/rover_ros_ws/devel/share/gennodejs/ros/planner/_index.js
Symlinking /home/navlab-nuc/rover_ros_ws/devel/share/gennodejs/ros/planner/msg/_index.js
Symlinking /home/navlab-nuc/rover_ros_ws/devel/share/gennodejs/ros/planner/msg/NominalTrajectory.js
Symlinking /home/navlab-nuc/rover_ros_ws/devel/share/gennodejs/ros/planner/msg/Control.js
Symlinking /home/navlab-nuc/rover_ros_ws/devel/share/gennodejs/ros/planner/msg/State.js
Symlinking /home/navlab-nuc/rover_ros_ws/devel/share/common-lisp/ros/planner/msg/_package_NominalTrajectory.lisp
Symlinking /home/navlab-nuc/rover_ros_ws/devel/share/common-lisp/ros/planner/msg/planner-msg.asd
Symlinking /home/navlab-nuc/rover_ros_ws/devel/share/common-lisp/ros/planner/msg/_package.lisp
Symlinking /home/navlab-nuc/rover_ros_ws/devel/share/common-lisp/ros/planner/msg/_package_State.lisp
Symlinking /home/navlab-nuc/rover_ros_ws/devel/share/common-lisp/ros/planner/msg/_package_Control.lisp
Symlinking /home/navlab-nuc/rover_ros_ws/devel/share/common-lisp/ros/planner/msg/NominalTrajectory.lisp
Symlinking /home/navlab-nuc/rover_ros_ws/devel/share/common-lisp/ros/planner/msg/State.lisp
Symlinking /home/navlab-nuc/rover_ros_ws/devel/share/common-lisp/ros/planner/msg/Control.lisp
Cleaning: (/home/navlab-nuc/rover_ros_ws_cb/devel/.private/planner/cmake.lock, /home/navlab-nuc/rover_ros_ws_cb/devel/./cmake.lock)
Cleaning: (/home/navlab-nuc/rover_ros_ws_cb/devel/.private/planner/include/planner/Control.h, /home/navlab-nuc/rover_ros_ws_cb/devel/include/planner/Control.h)
Cleaning: (/home/navlab-nuc/rover_ros_ws_cb/devel/.private/planner/include/planner/State.h, /home/navlab-nuc/rover_ros_ws_cb/devel/include/planner/State.h)
Cleaning: (/home/navlab-nuc/rover_ros_ws_cb/devel/.private/planner/include/planner/NominalTrajectory.h, /home/navlab-nuc/rover_ros_ws_cb/devel/include/planner/NominalTrajectory.h)
Cleaning: (/home/navlab-nuc/rover_ros_ws_cb/devel/.private/planner/lib/python3/dist-packages/planner/__init__.py, /home/navlab-nuc/rover_ros_ws_cb/devel/lib/python3/dist-packages/planner/__init__.py)
Cleaning: (/home/navlab-nuc/rover_ros_ws_cb/devel/.private/planner/lib/python3/dist-packages/planner/msg/__init__.py, /home/navlab-nuc/rover_ros_ws_cb/devel/lib/python3/dist-packages/planner/msg/__init__.py)
Cleaning: (/home/navlab-nuc/rover_ros_ws_cb/devel/.private/planner/lib/python3/dist-packages/planner/msg/_State.py, /home/navlab-nuc/rover_ros_ws_cb/devel/lib/python3/dist-packages/planner/msg/_State.py)
Cleaning: (/home/navlab-nuc/rover_ros_ws_cb/devel/.private/planner/lib/python3/dist-packages/planner/msg/_NominalTrajectory.py, /home/navlab-nuc/rover_ros_ws_cb/devel/lib/python3/dist-packages/planner/msg/_NominalTrajectory.py)
Cleaning: (/home/navlab-nuc/rover_ros_ws_cb/devel/.private/planner/lib/python3/dist-packages/planner/msg/_Control.py, /home/navlab-nuc/rover_ros_ws_cb/devel/lib/python3/dist-packages/planner/msg/_Control.py)
Cleaning: (/home/navlab-nuc/rover_ros_ws_cb/devel/.private/planner/lib/planner/simple_planner.py, /home/navlab-nuc/rover_ros_ws_cb/devel/lib/planner/simple_planner.py)
Cleaning: (/home/navlab-nuc/rover_ros_ws_cb/devel/.private/planner/lib/planner/cmake.lock, /home/navlab-nuc/rover_ros_ws_cb/devel/lib/planner/cmake.lock)
Cleaning: (/home/navlab-nuc/rover_ros_ws_cb/devel/.private/planner/lib/pkgconfig/planner.pc, /home/navlab-nuc/rover_ros_ws_cb/devel/lib/pkgconfig/planner.pc)
Cleaning: (/home/navlab-nuc/rover_ros_ws_cb/devel/.private/planner/share/roseus/ros/planner/manifest.l, /home/navlab-nuc/rover_ros_ws_cb/devel/share/roseus/ros/planner/manifest.l)
Cleaning: (/home/navlab-nuc/rover_ros_ws_cb/devel/.private/planner/share/roseus/ros/planner/msg/State.l, /home/navlab-nuc/rover_ros_ws_cb/devel/share/roseus/ros/planner/msg/State.l)
Cleaning: (/home/navlab-nuc/rover_ros_ws_cb/devel/.private/planner/share/roseus/ros/planner/msg/NominalTrajectory.l, /home/navlab-nuc/rover_ros_ws_cb/devel/share/roseus/ros/planner/msg/NominalTrajectory.l)
Cleaning: (/home/navlab-nuc/rover_ros_ws_cb/devel/.private/planner/share/roseus/ros/planner/msg/Control.l, /home/navlab-nuc/rover_ros_ws_cb/devel/share/roseus/ros/planner/msg/Control.l)
Cleaning: (/home/navlab-nuc/rover_ros_ws_cb/devel/.private/planner/share/planner/cmake/planner-msg-paths.cmake, /home/navlab-nuc/rover_ros_ws_cb/devel/share/planner/cmake/planner-msg-paths.cmake)
Cleaning: (/home/navlab-nuc/rover_ros_ws_cb/devel/.private/planner/share/planner/cmake/plannerConfig.cmake, /home/navlab-nuc/rover_ros_ws_cb/devel/share/planner/cmake/plannerConfig.cmake)
Cleaning: (/home/navlab-nuc/rover_ros_ws_cb/devel/.private/planner/share/planner/cmake/planner-msg-extras.cmake, /home/navlab-nuc/rover_ros_ws_cb/devel/share/planner/cmake/planner-msg-extras.cmake)
Cleaning: (/home/navlab-nuc/rover_ros_ws_cb/devel/.private/planner/share/planner/cmake/plannerConfig-version.cmake, /home/navlab-nuc/rover_ros_ws_cb/devel/share/planner/cmake/plannerConfig-version.cmake)
Cleaning: (/home/navlab-nuc/rover_ros_ws_cb/devel/.private/planner/share/gennodejs/ros/planner/_index.js, /home/navlab-nuc/rover_ros_ws_cb/devel/share/gennodejs/ros/planner/_index.js)
Cleaning: (/home/navlab-nuc/rover_ros_ws_cb/devel/.private/planner/share/gennodejs/ros/planner/msg/_index.js, /home/navlab-nuc/rover_ros_ws_cb/devel/share/gennodejs/ros/planner/msg/_index.js)
Cleaning: (/home/navlab-nuc/rover_ros_ws_cb/devel/.private/planner/share/gennodejs/ros/planner/msg/NominalTrajectory.js, /home/navlab-nuc/rover_ros_ws_cb/devel/share/gennodejs/ros/planner/msg/NominalTrajectory.js)
Cleaning: (/home/navlab-nuc/rover_ros_ws_cb/devel/.private/planner/share/gennodejs/ros/planner/msg/Control.js, /home/navlab-nuc/rover_ros_ws_cb/devel/share/gennodejs/ros/planner/msg/Control.js)
Cleaning: (/home/navlab-nuc/rover_ros_ws_cb/devel/.private/planner/share/gennodejs/ros/planner/msg/State.js, /home/navlab-nuc/rover_ros_ws_cb/devel/share/gennodejs/ros/planner/msg/State.js)
Cleaning: (/home/navlab-nuc/rover_ros_ws_cb/devel/.private/planner/share/common-lisp/ros/planner/msg/_package_NominalTrajectory.lisp, /home/navlab-nuc/rover_ros_ws_cb/devel/share/common-lisp/ros/planner/msg/_package_NominalTrajectory.lisp)
Cleaning: (/home/navlab-nuc/rover_ros_ws_cb/devel/.private/planner/share/common-lisp/ros/planner/msg/planner-msg.asd, /home/navlab-nuc/rover_ros_ws_cb/devel/share/common-lisp/ros/planner/msg/planner-msg.asd)
Cleaning: (/home/navlab-nuc/rover_ros_ws_cb/devel/.private/planner/share/common-lisp/ros/planner/msg/_package.lisp, /home/navlab-nuc/rover_ros_ws_cb/devel/share/common-lisp/ros/planner/msg/_package.lisp)
Cleaning: (/home/navlab-nuc/rover_ros_ws_cb/devel/.private/planner/share/common-lisp/ros/planner/msg/_package_State.lisp, /home/navlab-nuc/rover_ros_ws_cb/devel/share/common-lisp/ros/planner/msg/_package_State.lisp)
Cleaning: (/home/navlab-nuc/rover_ros_ws_cb/devel/.private/planner/share/common-lisp/ros/planner/msg/_package_Control.lisp, /home/navlab-nuc/rover_ros_ws_cb/devel/share/common-lisp/ros/planner/msg/_package_Control.lisp)
Cleaning: (/home/navlab-nuc/rover_ros_ws_cb/devel/.private/planner/share/common-lisp/ros/planner/msg/NominalTrajectory.lisp, /home/navlab-nuc/rover_ros_ws_cb/devel/share/common-lisp/ros/planner/msg/NominalTrajectory.lisp)
Cleaning: (/home/navlab-nuc/rover_ros_ws_cb/devel/.private/planner/share/common-lisp/ros/planner/msg/State.lisp, /home/navlab-nuc/rover_ros_ws_cb/devel/share/common-lisp/ros/planner/msg/State.lisp)
Cleaning: (/home/navlab-nuc/rover_ros_ws_cb/devel/.private/planner/share/common-lisp/ros/planner/msg/Control.lisp, /home/navlab-nuc/rover_ros_ws_cb/devel/share/common-lisp/ros/planner/msg/Control.lisp)
Unlinking: /home/navlab-nuc/rover_ros_ws_cb/devel/include/planner/Control.h
Already unlinked: {}
Unlinking: /home/navlab-nuc/rover_ros_ws_cb/devel/include/planner/State.h
Already unlinked: {}
Unlinking: /home/navlab-nuc/rover_ros_ws_cb/devel/include/planner/NominalTrajectory.h
Already unlinked: {}
Unlinking: /home/navlab-nuc/rover_ros_ws_cb/devel/lib/python3/dist-packages/planner/__init__.py
Already unlinked: {}
Unlinking: /home/navlab-nuc/rover_ros_ws_cb/devel/lib/python3/dist-packages/planner/msg/__init__.py
Already unlinked: {}
Unlinking: /home/navlab-nuc/rover_ros_ws_cb/devel/lib/python3/dist-packages/planner/msg/_State.py
Already unlinked: {}
Unlinking: /home/navlab-nuc/rover_ros_ws_cb/devel/lib/python3/dist-packages/planner/msg/_NominalTrajectory.py
Already unlinked: {}
Unlinking: /home/navlab-nuc/rover_ros_ws_cb/devel/lib/python3/dist-packages/planner/msg/_Control.py
Already unlinked: {}
Unlinking: /home/navlab-nuc/rover_ros_ws_cb/devel/lib/planner/simple_planner.py
Already unlinked: {}
Unlinking: /home/navlab-nuc/rover_ros_ws_cb/devel/lib/planner/cmake.lock
Already unlinked: {}
Unlinking: /home/navlab-nuc/rover_ros_ws_cb/devel/lib/pkgconfig/planner.pc
Already unlinked: {}
Unlinking: /home/navlab-nuc/rover_ros_ws_cb/devel/share/roseus/ros/planner/manifest.l
Already unlinked: {}
Unlinking: /home/navlab-nuc/rover_ros_ws_cb/devel/share/roseus/ros/planner/msg/State.l
Already unlinked: {}
Unlinking: /home/navlab-nuc/rover_ros_ws_cb/devel/share/roseus/ros/planner/msg/NominalTrajectory.l
Already unlinked: {}
Unlinking: /home/navlab-nuc/rover_ros_ws_cb/devel/share/roseus/ros/planner/msg/Control.l
Already unlinked: {}
Unlinking: /home/navlab-nuc/rover_ros_ws_cb/devel/share/planner/cmake/planner-msg-paths.cmake
Already unlinked: {}
Unlinking: /home/navlab-nuc/rover_ros_ws_cb/devel/share/planner/cmake/plannerConfig.cmake
Already unlinked: {}
Unlinking: /home/navlab-nuc/rover_ros_ws_cb/devel/share/planner/cmake/planner-msg-extras.cmake
Already unlinked: {}
Unlinking: /home/navlab-nuc/rover_ros_ws_cb/devel/share/planner/cmake/plannerConfig-version.cmake
Already unlinked: {}
Unlinking: /home/navlab-nuc/rover_ros_ws_cb/devel/share/gennodejs/ros/planner/_index.js
Already unlinked: {}
Unlinking: /home/navlab-nuc/rover_ros_ws_cb/devel/share/gennodejs/ros/planner/msg/_index.js
Already unlinked: {}
Unlinking: /home/navlab-nuc/rover_ros_ws_cb/devel/share/gennodejs/ros/planner/msg/NominalTrajectory.js
Already unlinked: {}
Unlinking: /home/navlab-nuc/rover_ros_ws_cb/devel/share/gennodejs/ros/planner/msg/Control.js
Already unlinked: {}
Unlinking: /home/navlab-nuc/rover_ros_ws_cb/devel/share/gennodejs/ros/planner/msg/State.js
Already unlinked: {}
Unlinking: /home/navlab-nuc/rover_ros_ws_cb/devel/share/common-lisp/ros/planner/msg/_package_NominalTrajectory.lisp
Already unlinked: {}
Unlinking: /home/navlab-nuc/rover_ros_ws_cb/devel/share/common-lisp/ros/planner/msg/planner-msg.asd
Already unlinked: {}
Unlinking: /home/navlab-nuc/rover_ros_ws_cb/devel/share/common-lisp/ros/planner/msg/_package.lisp
Already unlinked: {}
Unlinking: /home/navlab-nuc/rover_ros_ws_cb/devel/share/common-lisp/ros/planner/msg/_package_State.lisp
Already unlinked: {}
Unlinking: /home/navlab-nuc/rover_ros_ws_cb/devel/share/common-lisp/ros/planner/msg/_package_Control.lisp
Already unlinked: {}
Unlinking: /home/navlab-nuc/rover_ros_ws_cb/devel/share/common-lisp/ros/planner/msg/NominalTrajectory.lisp
Already unlinked: {}
Unlinking: /home/navlab-nuc/rover_ros_ws_cb/devel/share/common-lisp/ros/planner/msg/State.lisp
Already unlinked: {}
Unlinking: /home/navlab-nuc/rover_ros_ws_cb/devel/share/common-lisp/ros/planner/msg/Control.lisp
Already unlinked: {}
